[2019-05-10 00:14:32] production.ERROR: #0 /home/marco/Projetos/CINQ/php-test/api/vendor/illuminate/database/Connection.php(624): Illuminate\Database\Connection->runQueryCallback('select * from `...', Array, Object(Closure))
#1 /home/marco/Projetos/CINQ/php-test/api/vendor/illuminate/database/Connection.php(333): Illuminate\Database\Connection->run('select * from `...', Array, Object(Closure))
#2 /home/marco/Projetos/CINQ/php-test/api/vendor/illuminate/database/Query/Builder.php(2124): Illuminate\Database\Connection->select('select * from `...', Array, true)
#3 /home/marco/Projetos/CINQ/php-test/api/vendor/illuminate/database/Query/Builder.php(2112): Illuminate\Database\Query\Builder->runSelect()
#4 /home/marco/Projetos/CINQ/php-test/api/vendor/illuminate/database/Query/Builder.php(2598): Illuminate\Database\Query\Builder->Illuminate\Database\Query\{closure}()
#5 /home/marco/Projetos/CINQ/php-test/api/vendor/illuminate/database/Query/Builder.php(2113): Illuminate\Database\Query\Builder->onceWithColumns(Array, Object(Closure))
#6 /home/marco/Projetos/CINQ/php-test/api/vendor/illuminate/database/Eloquent/Builder.php(519): Illuminate\Database\Query\Builder->get(Array)
#7 /home/marco/Projetos/CINQ/php-test/api/vendor/illuminate/database/Eloquent/Builder.php(503): Illuminate\Database\Eloquent\Builder->getModels(Array)
#8 /home/marco/Projetos/CINQ/php-test/api/app/Http/Controllers/ProductsController.php(17): Illuminate\Database\Eloquent\Builder->get()
#9 [internal function]: App\Http\Controllers\ProductsController->index()
#10 /home/marco/Projetos/CINQ/php-test/api/vendor/illuminate/container/BoundMethod.php(32): call_user_func_array(Array, Array)
#11 /home/marco/Projetos/CINQ/php-test/api/vendor/illuminate/container/BoundMethod.php(90): Illuminate\Container\BoundMethod::Illuminate\Container\{closure}()
#12 /home/marco/Projetos/CINQ/php-test/api/vendor/illuminate/container/BoundMethod.php(34): Illuminate\Container\BoundMethod::callBoundMethod(Object(Laravel\Lumen\Application), Array, Object(Closure))
#13 /home/marco/Projetos/CINQ/php-test/api/vendor/illuminate/container/Container.php(576): Illuminate\Container\BoundMethod::call(Object(Laravel\Lumen\Application), Array, Array, NULL)
#14 /home/marco/Projetos/CINQ/php-test/api/vendor/laravel/lumen-framework/src/Concerns/RoutesRequests.php(376): Illuminate\Container\Container->call(Array, Array)
#15 /home/marco/Projetos/CINQ/php-test/api/vendor/laravel/lumen-framework/src/Concerns/RoutesRequests.php(342): Laravel\Lumen\Application->callControllerCallable(Array, Array)
#16 /home/marco/Projetos/CINQ/php-test/api/vendor/laravel/lumen-framework/src/Concerns/RoutesRequests.php(316): Laravel\Lumen\Application->callLumenController(Object(App\Http\Controllers\ProductsController), 'index', Array)
#17 /home/marco/Projetos/CINQ/php-test/api/vendor/laravel/lumen-framework/src/Concerns/RoutesRequests.php(278): Laravel\Lumen\Application->callControllerAction(Array)
#18 /home/marco/Projetos/CINQ/php-test/api/vendor/laravel/lumen-framework/src/Concerns/RoutesRequests.php(263): Laravel\Lumen\Application->callActionOnArrayBasedRoute(Array)
#19 /home/marco/Projetos/CINQ/php-test/api/vendor/laravel/lumen-framework/src/Concerns/RoutesRequests.php(165): Laravel\Lumen\Application->handleFoundRoute(Array)
#20 /home/marco/Projetos/CINQ/php-test/api/vendor/laravel/lumen-framework/src/Concerns/RoutesRequests.php(416): Laravel\Lumen\Application->Laravel\Lumen\Concerns\{closure}(Object(Laravel\Lumen\Http\Request))
#21 /home/marco/Projetos/CINQ/php-test/api/vendor/laravel/lumen-framework/src/Concerns/RoutesRequests.php(171): Laravel\Lumen\Application->sendThroughPipeline(Array, Object(Closure))
#22 /home/marco/Projetos/CINQ/php-test/api/vendor/laravel/lumen-framework/src/Concerns/RoutesRequests.php(108): Laravel\Lumen\Application->dispatch(NULL)
#23 /home/marco/Projetos/CINQ/php-test/api/public/index.php(28): Laravel\Lumen\Application->run()
#24 {main}  
